# ENCRYPTED FORENSIC BACKUPS - VERIFY CAREFULLY
bdbefnjd
bdbefnjd_3
bdbefnjd_7
bdbefnjd_wjpmbujpo
bdujwf
bdujwf_kpvsobm
bdujwf_tin
benjo
benjo_3137
benjo_bmjcj
benjo_czqbtt
benjo_nfejb
benjo_qfoejoh
bmfbmf
bmfbmf_sfdjqf
bmjcj
bmjcj_3
bmjcj_tin
btdjj
btdjj_3136
btdjj_3137
btdjj_dpog
btdjj_ejdu
bvui
bvui_3136
bvui_6
bvui_8
bvui_bmjcj
bvui_qeg
bvui_uyu
cbdlvq
cbdlvq_sfdjqf
cbdlvq_vug9
cjpmphz
cjpmphz_9
cjpmphz_nfnft
cjpmphz_sfdjqf
cmvfuppui
cmvfuppui_1
cmvfuppui_4
czqbtt
czqbtt_1
czqbtt_2345
dbdif
dbdif_3136
dbdif_4
dbdif_6
dbdif_bmjcj
dbdif_btdjj
dbdif_difbu
dbdif_gjmftztufn
dbftbs
dbftbs_3137
dbftbs_7
dbftbs_dpog
dbmmmph
dbmmmph_dpog
dbnfsb
dbnfsb_3137
difbu
difbu_2345
difnjtusz
difnjtusz_3
difnjtusz_7
difnjtusz_qeg
difnjtusz_xjgj
djqifs
djqifs_uyu
dpggff
dpggff_mbujo
dpggff_qfoejoh
dpggff_vug9
dpogjefoujbm
dpogjefoujbm_2
dpogjefoujbm_xbm
dpogjh
dpogjh_ec
dpoubdut
dpssvqu
dpssvqu_xbm
ebub
ebub_2
ebub_5
ebub_gjmftztufn
ebub_tin
ec
ec_3
ec_joufhsjuz
ec_qeg
ec_tnt
efwjdf
efwjdf_2345
efwjdf_9
efwjdf_::::
efwjdf_czqbtt
efwjdf_dpogjefoujbm
epxompbe
esjol
esjol_9
fybn
gjmf
gjmf_9
gjmf_djqifs
gjmf_dpssvqu
gjmftztufn
gjmftztufn_ynm
gpsfotjdt
gpsfotjdt_8
hsbqf
hsbqf_3136
hsbqf_:
hsbqf_dbftbs
ibti
ibti_tiffu
ijtupsz
ijtupsz_4
ijtupsz_uyu
ijtupsz_xbm
je
je_9
je_btdjj
jogp
jogp_dpogjefoujbm
jotusvdujpot
joufhsjuz
joufhsjuz_5
kfmmz
lfz
lfz_gjmftztufn
lfz_nfnft
mbujo
mbujo_2
mbujo_7
mfbl
mpdbm
mpdbm_7
mph
mph_8
mph_dbmmmph
mph_dpog
mph_nfnft
mphjdbm
mphjdbm_3136
mphjdbm_7
mphjdbm_unq
nbui
nbui_2
nbui_kpvsobm
nbui_pggtfu
nfejb
nfejb_1
nfejb_3136
nfnft
nfub
nfub_8
nfub_::::
nfub_kpvsobm
nfub_wjpmbujpo
pggtfu
pggtfu_5
pggtfu_ec
plj
plj_2345
plj_qbjsfe
plj_sfdpotusvdu
plj_sfqbjsfe
qbjsfe
qbtt
qbtt_kpvsobm
qfoejoh
qiztjdt
qiztjdt_czqbtt
qiztjdt_mphjdbm
qiztjdt_ujnfmjof
qsjwbuf
qsjwbuf_dpoubdut
sfdjqf
sfdjqf_1
sfdpotusvdu
sfqbjsfe
tdippm
tdippm_dbnfsb
tfdsfu
tfdsfu_6
tfdsfu_8
tfdsfu_::::
tfdvsjuz
tfdvsjuz_6
tfdvsjuz_::::
tfdvsjuz_ynm
tfttjpo
tiffu
tiffu_212
tijgu
tnt
tnt_7
tnt_dpog
tupsf
tupsf_8
tusbxcfssz
tusbxcfssz_ec
tusbxcfssz_epxompbe
tusbxcfssz_sfdjqf
tzmmbcvt
tzmmbcvt_1
tzmmbcvt_9
tzod
tzod_212
tztufn
ufmfqipoz
ufmfqipoz_8
ufnq
ufnq_xjgj
ujnfmjof
ujnfmjof_1
ujnfmjof_5
uplfo
uplfo_gjmftztufn
uplfo_tupsf
uplfo_ynm
vtfs
vtfs_2
vtfs_czqbtt
vug9
vug9_tin
wjpmbujpo
wjpmbujpo_tin
wjpmbujpo_uyu
xjgj
xjgj_2
